<?xml version="1.0" encoding="UTF-8"?>
<!-- Generated by org.testng.reporters.JUnitReportReporter -->
<testsuite skipped="0" hostname="192.168.1.9" name="com.qa.api.tests.ContactsAPITest" tests="1" failures="0" timestamp="2024-10-16T18:52:28 IST" time="4.576" errors="0">
  <testcase name="getUserTest" time="4.576" classname="com.qa.api.tests.ContactsAPITest"/>
</testsuite> <!-- com.qa.api.tests.ContactsAPITest -->
