<?xml version="1.0" encoding="UTF-8"?>
<!-- Generated by org.testng.reporters.JUnitReportReporter -->
<testsuite skipped="0" hostname="192.168.1.12" name="com.qa.api.tests.PatchUserTest" tests="1" failures="0" timestamp="2024-10-14T18:00:20 IST" time="5.740" errors="0">
  <testcase name="testPATCHWithPOJOLombokBuilder" time="5.740" classname="com.qa.api.tests.PatchUserTest"/>
</testsuite> <!-- com.qa.api.tests.PatchUserTest -->
