<?xml version="1.0" encoding="UTF-8"?>
<!-- Generated by org.testng.reporters.JUnitReportReporter -->
<testsuite hostname="192.168.1.13" failures="0" tests="1" name="com.qa.api.tests.DynamicUserValidationTest" time="2.349" errors="0" timestamp="2024-10-28T13:30:02 IST" skipped="0">
  <testcase classname="com.qa.api.tests.DynamicUserValidationTest" name="getUserTest" time="2.349"/>
</testsuite> <!-- com.qa.api.tests.DynamicUserValidationTest -->
