<?xml version="1.0" encoding="UTF-8"?>
<!-- Generated by org.testng.reporters.JUnitReportReporter -->
<testsuite skipped="0" hostname="192.168.1.12" name="com.qa.api.tests.FakeProductAPITest" tests="1" failures="0" timestamp="2024-10-14T19:38:00 IST" time="0.826" errors="0">
  <testcase name="testFakeProductGETAPI" time="0.826" classname="com.qa.api.tests.FakeProductAPITest"/>
</testsuite> <!-- com.qa.api.tests.FakeProductAPITest -->
