<?xml version="1.0" encoding="UTF-8"?>
<!-- Generated by org.testng.reporters.JUnitReportReporter -->
<testsuite hostname="192.168.1.20" failures="0" tests="1" name="com.qa.api.tests.GraphQLMutationUser" time="2.542" errors="0" timestamp="2024-11-11T18:02:48 IST" skipped="0">
  <testcase classname="com.qa.api.tests.GraphQLMutationUser" name="testCreateUserMutationUsingMap" time="2.542"/>
</testsuite> <!-- com.qa.api.tests.GraphQLMutationUser -->
