<?xml version="1.0" encoding="UTF-8"?>
<!-- Generated by org.testng.reporters.JUnitReportReporter -->
<testsuite hostname="192.168.1.20" failures="0" tests="1" name="com.qa.api.tests.GraphQLQueryUser" time="5.048" errors="0" timestamp="2024-11-13T16:21:14 IST" skipped="0">
  <testcase classname="com.qa.api.tests.GraphQLQueryUser" name="testGetUserQueryWithVariablesWithGraphqlFile" time="5.048"/>
</testsuite> <!-- com.qa.api.tests.GraphQLQueryUser -->
