<?xml version="1.0" encoding="UTF-8"?>
<!-- Generated by org.testng.reporters.JUnitReportReporter -->
<testsuite hostname="192.168.1.20" failures="0" tests="1" name="com.qa.api.tests.GraphQLMutationUser" time="5.345" errors="0" timestamp="2024-11-13T16:24:52 IST" skipped="0">
  <testcase classname="com.qa.api.tests.GraphQLMutationUser" name="testCreateUserMutationUsingMapAndGraphqlFile" time="5.345"/>
</testsuite> <!-- com.qa.api.tests.GraphQLMutationUser -->
