<?xml version="1.0" encoding="UTF-8"?>
<!-- Generated by org.testng.reporters.JUnitReportReporter -->
<testsuite hostname="192.168.1.13" failures="0" tests="3" name="com.qa.api.tests.ApiTests" time="4.430" errors="0" timestamp="2024-10-09T15:59:54 IST" skipped="0">
  <testcase classname="com.qa.api.tests.ApiTests" name="testPostWithPOJOLombok" time="1.595"/>
  <testcase classname="com.qa.api.tests.ApiTests" name="testPostWithPOJOLombok" time="0.752"/>
  <testcase classname="com.qa.api.tests.ApiTests" name="testPostWithPOJOLombok" time="2.083"/>
</testsuite> <!-- com.qa.api.tests.ApiTests -->
