<?xml version="1.0" encoding="UTF-8"?>
<!-- Generated by org.testng.reporters.JUnitReportReporter -->
<testsuite skipped="0" hostname="192.168.1.12" name="com.qa.api.tests.CreateUserTest" tests="1" failures="0" timestamp="2024-10-14T19:38:00 IST" time="3.279" errors="0">
  <testcase name="testPostWithPOJOLombokBuilder" time="3.279" classname="com.qa.api.tests.CreateUserTest"/>
</testsuite> <!-- com.qa.api.tests.CreateUserTest -->
