<?xml version="1.0" encoding="UTF-8"?>
<!-- Generated by org.testng.reporters.JUnitReportReporter -->
<testsuite skipped="0" hostname="192.168.1.12" name="com.qa.api.tests.ApiTests" tests="7" failures="0" timestamp="2024-10-14T18:54:10 IST" time="10.894" errors="0">
  <testcase name="testPostWithPOJOLombok" time="1.125" classname="com.qa.api.tests.ApiTests"/>
  <testcase name="testPostWithJsonFile" time="1.524" classname="com.qa.api.tests.ApiTests"/>
  <testcase name="testGetWithJsonContentTypeWithAuthHeader" time="1.427" classname="com.qa.api.tests.ApiTests"/>
  <testcase name="testPostWithPOJOLombok" time="1.532" classname="com.qa.api.tests.ApiTests"/>
  <testcase name="testPostWithPOJOLombokBuilder" time="1.451" classname="com.qa.api.tests.ApiTests"/>
  <testcase name="testPostWithPOJOLombok" time="1.527" classname="com.qa.api.tests.ApiTests"/>
  <testcase name="testGetWithJsonContentType" time="2.308" classname="com.qa.api.tests.ApiTests"/>
</testsuite> <!-- com.qa.api.tests.ApiTests -->
