<?xml version="1.0" encoding="UTF-8"?>
<!-- Generated by org.testng.reporters.JUnitReportReporter -->
<testsuite skipped="0" hostname="192.168.1.12" name="com.qa.api.tests.UpdateUserTest" tests="1" failures="0" timestamp="2024-10-14T17:43:21 IST" time="5.153" errors="0">
  <testcase name="testPUTWithPOJOLombokBuilder" time="5.153" classname="com.qa.api.tests.UpdateUserTest"/>
</testsuite> <!-- com.qa.api.tests.UpdateUserTest -->
