<?xml version="1.0" encoding="UTF-8"?>
<!-- Generated by org.testng.reporters.JUnitReportReporter -->
<testsuite skipped="0" hostname="192.168.1.9" name="com.qa.api.tests.CircuitTest" tests="1" failures="0" timestamp="2024-10-17T19:10:27 IST" time="2.762" errors="0">
  <testcase name="getCircuitTest" time="2.762" classname="com.qa.api.tests.CircuitTest"/>
</testsuite> <!-- com.qa.api.tests.CircuitTest -->
