<?xml version="1.0" encoding="UTF-8"?>
<!-- Generated by org.testng.reporters.JUnitReportReporter -->
<testsuite skipped="0" hostname="192.168.1.12" name="com.qa.api.tests.DeleteUserTest" tests="1" failures="0" timestamp="2024-10-14T17:58:02 IST" time="7.875" errors="0">
  <testcase name="testDeleteWithPOJOLombokBuilder" time="7.875" classname="com.qa.api.tests.DeleteUserTest"/>
</testsuite> <!-- com.qa.api.tests.DeleteUserTest -->
