<?xml version="1.0" encoding="UTF-8"?>
<!-- Generated by org.testng.reporters.JUnitReportReporter -->
<testsuite skipped="0" hostname="192.168.1.9" name="com.qa.api.tests.GetUserAPIDeserializeTest" tests="1" failures="0" timestamp="2024-10-17T16:41:42 IST" time="4.839" errors="0">
  <testcase name="createUserTest" time="4.839" classname="com.qa.api.tests.GetUserAPIDeserializeTest"/>
</testsuite> <!-- com.qa.api.tests.GetUserAPIDeserializeTest -->
