<?xml version="1.0" encoding="UTF-8"?>
<!-- Generated by org.testng.reporters.JUnitReportReporter -->
<testsuite hostname="192.168.1.20" failures="0" tests="1" name="com.qa.api.tests.GraphQLQueryUser" time="4.291" errors="0" timestamp="2024-11-11T18:20:53 IST" skipped="0">
  <testcase classname="com.qa.api.tests.GraphQLQueryUser" name="testGetUserQueryWithVariables" time="4.291"/>
</testsuite> <!-- com.qa.api.tests.GraphQLQueryUser -->
