<?xml version="1.0" encoding="UTF-8"?>
<!-- Generated by org.testng.reporters.JUnitReportReporter -->
<testsuite skipped="0" hostname="192.168.1.9" name="com.qa.api.tests.ApiTests" tests="3" failures="0" timestamp="2024-10-17T16:31:58 IST" time="6.140" errors="0">
  <testcase name="testPostWithPOJOLombok" time="2.266" classname="com.qa.api.tests.ApiTests"/>
  <testcase name="testPostWithPOJOLombok" time="2.457" classname="com.qa.api.tests.ApiTests"/>
  <testcase name="testPostWithPOJOLombok" time="1.417" classname="com.qa.api.tests.ApiTests"/>
</testsuite> <!-- com.qa.api.tests.ApiTests -->
