<?xml version="1.0" encoding="UTF-8"?>
<!-- Generated by org.testng.reporters.JUnitReportReporter -->
<testsuite skipped="0" hostname="192.168.1.9" name="com.qa.api.tests.ProductAPIWithDeserializeTest" tests="1" failures="0" timestamp="2024-10-17T16:16:42 IST" time="1.971" errors="0">
  <testcase name="getProductsTest_With_POJO_Desierlization" time="1.971" classname="com.qa.api.tests.ProductAPIWithDeserializeTest"/>
</testsuite> <!-- com.qa.api.tests.ProductAPIWithDeserializeTest -->
