<?xml version="1.0" encoding="UTF-8"?>
<!-- Generated by org.testng.reporters.JUnitReportReporter -->
<testsuite skipped="0" hostname="192.168.1.31" name="com.qa.api.tests.ApiTests" tests="5" failures="0" timestamp="2024-10-07T17:18:06 IST" time="8.373" errors="0">
  <testcase name="testPostWithPOJOLombokBuilder" time="1.186" classname="com.qa.api.tests.ApiTests"/>
  <testcase name="testGetWithJsonContentType" time="1.868" classname="com.qa.api.tests.ApiTests"/>
  <testcase name="testPostWithJsonFile" time="1.583" classname="com.qa.api.tests.ApiTests"/>
  <testcase name="testGetWithJsonContentTypeWithAuthHeader" time="1.454" classname="com.qa.api.tests.ApiTests"/>
  <testcase name="testPostWithPOJOLombok" time="2.282" classname="com.qa.api.tests.ApiTests"/>
</testsuite> <!-- com.qa.api.tests.ApiTests -->
